<?xml version="1.0" encoding="UTF-8"?>
<testng-results skipped="0" failed="0" total="1" passed="1">
  <reporter-output>
  </reporter-output>
  <suite name="Default suite" duration-ms="6943" started-at="2019-08-27T09:52:23Z" finished-at="2019-08-27T09:52:30Z">
    <groups>
    </groups>
    <test name="Default test" duration-ms="6943" started-at="2019-08-27T09:52:23Z" finished-at="2019-08-27T09:52:30Z">
      <class name="mavendemo.TestDemo">
        <test-method status="PASS" signature="testOne()[pri:0, instance:mavendemo.TestDemo@26be92ad]" name="testOne" duration-ms="6922" started-at="2019-08-27T15:22:23Z" finished-at="2019-08-27T15:22:30Z">
          <reporter-output>
          </reporter-output>
        </test-method> <!-- testOne -->
      </class> <!-- mavendemo.TestDemo -->
    </test> <!-- Default test -->
  </suite> <!-- Default suite -->
</testng-results>
